17:36:14 **** Incremental Build of configuration Debug for project Trabajo_SED_Domotica ****
make -j4 all 
arm-none-eabi-gcc "../Core/Src/main.c" -mcpu=cortex-m4 -std=gnu11 -g3 -DDEBUG -DUSE_HAL_DRIVER -DSTM32F407xx -c -I../Core/Inc -I../Drivers/STM32F4xx_HAL_Driver/Inc -I../Drivers/STM32F4xx_HAL_Driver/Inc/Legacy -I../Drivers/CMSIS/Device/ST/STM32F4xx/Include -I../Drivers/CMSIS/Include -O0 -ffunction-sections -fdata-sections -Wall -fstack-usage -MMD -MP -MF"Core/Src/main.d" -MT"Core/Src/main.o" --specs=nano.specs -mfpu=fpv4-sp-d16 -mfloat-abi=hard -mthumb -o "Core/Src/main.o"
../Core/Src/main.c: In function 'mostrartexto':
../Core/Src/main.c:110:42: warning: passing argument 3 of 'HAL_I2C_Master_Transmit' discards 'const' qualifier from pointer target type [-Wdiscarded-qualifiers]
  110 |  HAL_I2C_Master_Transmit(&hi2c1, 0x8<<1, palabra, longitud, 50);
      |                                          ^~~~~~~
In file included from ../Core/Inc/stm32f4xx_hal_conf.h:359,
                 from ../Drivers/STM32F4xx_HAL_Driver/Inc/stm32f4xx_hal.h:30,
                 from ../Core/Inc/main.h:30,
                 from ../Core/Src/main.c:20:
../Drivers/STM32F4xx_HAL_Driver/Inc/stm32f4xx_hal_i2c.h:567:98: note: expected 'uint8_t *' {aka 'unsigned char *'} but argument is of type 'const char *'
  567 | HAL_StatusTypeDef HAL_I2C_Master_Transmit(I2C_HandleTypeDef *hi2c, uint16_t DevAddress, uint8_t *pData, uint16_t Size, uint32_t Timeout);
      |                                                                                         ~~~~~~~~~^~~~~
arm-none-eabi-gcc -o "Trabajo_SED_Domotica.elf" @"objects.list"   -mcpu=cortex-m4 -T"C:\Users\Raul\Documents\GitHub\Trabajo-Microprocesadores-SED-2021\Trabajo_SED_Domotica\STM32F407VGTX_FLASH.ld" --specs=nosys.specs -Wl,-Map="Trabajo_SED_Domotica.map" -Wl,--gc-sections -static --specs=nano.specs -mfpu=fpv4-sp-d16 -mfloat-abi=hard -mthumb -Wl,--start-group -lc -lm -Wl,--end-group
Finished building target: Trabajo_SED_Domotica.elf
 
arm-none-eabi-size   Trabajo_SED_Domotica.elf 
arm-none-eabi-objdump -h -S  Trabajo_SED_Domotica.elf  > "Trabajo_SED_Domotica.list"
   text	   data	    bss	    dec	    hex	filename
   9252	     20	   1700	  10972	   2adc	Trabajo_SED_Domotica.elf
arm-none-eabi-objcopy  -O binary  Trabajo_SED_Domotica.elf  "Trabajo_SED_Domotica.bin"
Finished building: default.size.stdout
 
Finished building: Trabajo_SED_Domotica.bin
Finished building: Trabajo_SED_Domotica.list
 
 

17:36:16 Build Finished. 0 errors, 1 warnings. (took 1s.385ms)

